<?xml version="1.0" encoding="UTF-8"?>
<!-- Generated by org.testng.reporters.JUnitReportReporter -->
<testsuite skipped="1" hostname="Mahesh" name="com.learn.testNG.SampleTest" tests="4" failures="0" timestamp="25 Jul 2020 17:13:39 GMT" time="0.048" errors="0">
  <testcase name="testcase1" time="0.040" classname="com.learn.testNG.SampleTest"/>
  <testcase name="testcase4" time="0.008" classname="com.learn.testNG.SampleTest"/>
  <testcase name="testcase3" time="0.000" classname="com.learn.testNG.SampleTest"/>
  <testcase name="testcase2" classname="com.learn.testNG.SampleTest">
    <skipped/>
  </testcase> <!-- testcase2 -->
</testsuite> <!-- com.learn.testNG.SampleTest -->
