<?xml version="1.0" encoding="UTF-8"?>
<!-- Generated by org.testng.reporters.JUnitReportReporter -->
<testsuite skipped="0" hostname="Mahesh" name="testNG.Parameterizing" tests="1" failures="0" timestamp="27 Jul 2020 02:24:22 GMT" time="0.033" errors="0">
  <testcase name="whoIsThis" time="0.033" classname="testNG.Parameterizing"/>
</testsuite> <!-- testNG.Parameterizing -->
