<?xml version="1.0" encoding="UTF-8"?>
<!-- Generated by org.testng.reporters.JUnitReportReporter -->
<testsuite skipped="0" hostname="Mahesh" name="testNG.SampleTest" tests="4" failures="0" timestamp="26 Jul 2020 02:57:56 GMT" time="0.057" errors="0">
  <testcase name="testcase1" time="0.033" classname="testNG.SampleTest"/>
  <testcase name="testcase2" time="0.008" classname="testNG.SampleTest"/>
  <testcase name="testcase4" time="0.008" classname="testNG.SampleTest"/>
  <testcase name="testcase3" time="0.008" classname="testNG.SampleTest"/>
</testsuite> <!-- testNG.SampleTest -->
