<?xml version="1.0" encoding="UTF-8"?>
<!-- Generated by org.testng.reporters.JUnitReportReporter -->
<testsuite skipped="0" hostname="Mahesh" name="com.learn.testNG.TestSuite" tests="3" failures="0" timestamp="26 Jul 2020 02:10:30 GMT" time="7.503" errors="0">
  <testcase name="opengoogle" time="1.160" classname="com.learn.testNG.TestSuite"/>
  <testcase name="openbing" time="0.888" classname="com.learn.testNG.TestSuite"/>
  <testcase name="yahoo" time="5.455" classname="com.learn.testNG.TestSuite"/>
</testsuite> <!-- com.learn.testNG.TestSuite -->
