<?xml version="1.0" encoding="UTF-8"?>
<!-- Generated by org.testng.reporters.JUnitReportReporter -->
<testsuite skipped="0" hostname="Mahesh" name="com.learn.testNG.DependancyManagementTest" tests="3" failures="0" timestamp="26 Jul 2020 02:12:34 GMT" time="9.652" errors="0">
  <testcase name="opengoogle" time="3.041" classname="com.learn.testNG.DependancyManagementTest"/>
  <testcase name="openbing" time="1.020" classname="com.learn.testNG.DependancyManagementTest"/>
  <testcase name="openyahoo" time="5.591" classname="com.learn.testNG.DependancyManagementTest"/>
</testsuite> <!-- com.learn.testNG.DependancyManagementTest -->
