<?xml version="1.0" encoding="UTF-8"?>
<!-- Generated by org.testng.reporters.JUnitReportReporter -->
<testsuite skipped="0" hostname="Mahesh" name="testNG.DependancyManagementTest" tests="1" failures="0" timestamp="26 Jul 2020 02:52:10 GMT" time="2.719" errors="0">
  <testcase name="opengoogle" time="2.719" classname="testNG.DependancyManagementTest"/>
</testsuite> <!-- testNG.DependancyManagementTest -->
