<?xml version="1.0" encoding="UTF-8"?>
<!-- Generated by org.testng.reporters.JUnitReportReporter -->
<testsuite skipped="0" hostname="Mahesh" name="com.learn.testNG.DependencyManagement" tests="3" failures="0" timestamp="25 Jul 2020 17:32:11 GMT" time="0.037" errors="0">
  <testcase name="SSLC" time="0.029" classname="com.learn.testNG.DependencyManagement"/>
  <testcase name="HSC" time="0.008" classname="com.learn.testNG.DependencyManagement"/>
  <testcase name="ENGG" time="0.000" classname="com.learn.testNG.DependencyManagement"/>
</testsuite> <!-- com.learn.testNG.DependencyManagement -->
