<?xml version="1.0" encoding="UTF-8"?>
<!-- Generated by org.testng.reporters.JUnitReportReporter -->
<testsuite skipped="0" hostname="Mahesh" name="testNG.DependencyManagement" tests="1" failures="0" timestamp="26 Jul 2020 02:52:10 GMT" time="0.008" errors="0">
  <testcase name="SSLC" time="0.008" classname="testNG.DependencyManagement"/>
</testsuite> <!-- testNG.DependencyManagement -->
