<?xml version="1.0" encoding="UTF-8"?>
<!-- Generated by org.testng.reporters.JUnitReportReporter -->
<testsuite skipped="0" hostname="Mahesh" name="testNG.Grouping" tests="4" failures="0" timestamp="26 Jul 2020 03:32:24 GMT" time="0.068" errors="0">
  <testcase name="vivo1" time="0.010" classname="testNG.Grouping"/>
  <testcase name="moto1" time="0.043" classname="testNG.Grouping"/>
  <testcase name="vivo2" time="0.008" classname="testNG.Grouping"/>
  <testcase name="moto2" time="0.007" classname="testNG.Grouping"/>
</testsuite> <!-- testNG.Grouping -->
