<?xml version="1.0" encoding="UTF-8"?>
<!-- Generated by org.testng.reporters.JUnitReportReporter -->
<testsuite skipped="0" hostname="Mahesh" name="testNG.Paralleltest" tests="2" failures="0" timestamp="27 Jul 2020 03:03:05 GMT" time="22.380" errors="0">
  <testcase name="opengoogle" time="11.224" classname="testNG.Paralleltest"/>
  <testcase name="openbing" time="11.156" classname="testNG.Paralleltest"/>
</testsuite> <!-- testNG.Paralleltest -->
