<?xml version="1.0" encoding="UTF-8"?>
<!-- Generated by org.testng.reporters.JUnitReportReporter -->
<testsuite skipped="0" hostname="Mahesh" name="testNG.HierarchyofExecution" tests="2" failures="0" timestamp="27 Jul 2020 18:17:28 GMT" time="0.024" errors="0">
  <testcase name="test" time="0.016" classname="testNG.HierarchyofExecution"/>
  <testcase name="test2" time="0.008" classname="testNG.HierarchyofExecution"/>
</testsuite> <!-- testNG.HierarchyofExecution -->
